<?xml version="1.0" encoding="UTF-8"?>
<testsuite xmlns:xsi="http://www.w3.org/2001/XMLSchema-instance" xsi:noNamespaceSchemaLocation="https://maven.apache.org/surefire/maven-surefire-plugin/xsd/surefire-test-report.xsd" name="testRunnerForGmail.TestRunnerForGmail" time="240.286" tests="21" errors="0" skipped="0" failures="0">
  <properties>
    <property name="sun.desktop" value="windows"/>
    <property name="awt.toolkit" value="sun.awt.windows.WToolkit"/>
    <property name="file.encoding.pkg" value="sun.io"/>
    <property name="java.specification.version" value="1.8"/>
    <property name="sun.cpu.isalist" value="amd64"/>
    <property name="sun.jnu.encoding" value="Cp1252"/>
    <property name="java.class.path" value="C:\Users\Code\eclipse-workspace\InterviewPractical\target\test-classes;C:\Users\Code\eclipse-workspace\InterviewPractical\target\classes;C:\Users\Code\eclipse-workspace\InterviewPractical\Users\Code\.m2\repository\junit\junit\4.13\junit-4.13.jar;C:\Users\Code\eclipse-workspace\InterviewPractical\Users\Code\.m2\repository\org\hamcrest\hamcrest-core\1.3\hamcrest-core-1.3.jar;C:\Users\Code\eclipse-workspace\InterviewPractical\Users\Code\.m2\repository\io\cucumber\cucumber-java\6.7.0\cucumber-java-6.7.0.jar;C:\Users\Code\eclipse-workspace\InterviewPractical\Users\Code\.m2\repository\io\cucumber\cucumber-core\6.7.0\cucumber-core-6.7.0.jar;C:\Users\Code\eclipse-workspace\InterviewPractical\Users\Code\.m2\repository\io\cucumber\cucumber-gherkin\6.7.0\cucumber-gherkin-6.7.0.jar;C:\Users\Code\eclipse-workspace\InterviewPractical\Users\Code\.m2\repository\io\cucumber\cucumber-gherkin-messages\6.7.0\cucumber-gherkin-messages-6.7.0.jar;C:\Users\Code\eclipse-workspace\InterviewPractical\Users\Code\.m2\repository\io\cucumber\messages\13.0.1\messages-13.0.1.jar;C:\Users\Code\eclipse-workspace\InterviewPractical\Users\Code\.m2\repository\io\cucumber\tag-expressions\3.0.0\tag-expressions-3.0.0.jar;C:\Users\Code\eclipse-workspace\InterviewPractical\Users\Code\.m2\repository\io\cucumber\cucumber-expressions\10.3.0\cucumber-expressions-10.3.0.jar;C:\Users\Code\eclipse-workspace\InterviewPractical\Users\Code\.m2\repository\io\cucumber\datatable\3.4.0\datatable-3.4.0.jar;C:\Users\Code\eclipse-workspace\InterviewPractical\Users\Code\.m2\repository\io\cucumber\cucumber-plugin\6.7.0\cucumber-plugin-6.7.0.jar;C:\Users\Code\eclipse-workspace\InterviewPractical\Users\Code\.m2\repository\io\cucumber\docstring\6.7.0\docstring-6.7.0.jar;C:\Users\Code\eclipse-workspace\InterviewPractical\Users\Code\.m2\repository\io\cucumber\html-formatter\9.0.0\html-formatter-9.0.0.jar;C:\Users\Code\eclipse-workspace\InterviewPractical\Users\Code\.m2\repository\io\cucumber\create-meta\2.0.2\create-meta-2.0.2.jar;C:\Users\Code\eclipse-workspace\InterviewPractical\Users\Code\.m2\repository\org\apiguardian\apiguardian-api\1.1.0\apiguardian-api-1.1.0.jar;C:\Users\Code\eclipse-workspace\InterviewPractical\Users\Code\.m2\repository\io\cucumber\cucumber-junit\6.7.0\cucumber-junit-6.7.0.jar;C:\Users\Code\eclipse-workspace\InterviewPractical\Users\Code\.m2\repository\org\seleniumhq\selenium\selenium-java\3.141.59\selenium-java-3.141.59.jar;C:\Users\Code\eclipse-workspace\InterviewPractical\Users\Code\.m2\repository\org\seleniumhq\selenium\selenium-api\3.141.59\selenium-api-3.141.59.jar;C:\Users\Code\eclipse-workspace\InterviewPractical\Users\Code\.m2\repository\org\seleniumhq\selenium\selenium-chrome-driver\3.141.59\selenium-chrome-driver-3.141.59.jar;C:\Users\Code\eclipse-workspace\InterviewPractical\Users\Code\.m2\repository\org\seleniumhq\selenium\selenium-edge-driver\3.141.59\selenium-edge-driver-3.141.59.jar;C:\Users\Code\eclipse-workspace\InterviewPractical\Users\Code\.m2\repository\org\seleniumhq\selenium\selenium-firefox-driver\3.141.59\selenium-firefox-driver-3.141.59.jar;C:\Users\Code\eclipse-workspace\InterviewPractical\Users\Code\.m2\repository\org\seleniumhq\selenium\selenium-ie-driver\3.141.59\selenium-ie-driver-3.141.59.jar;C:\Users\Code\eclipse-workspace\InterviewPractical\Users\Code\.m2\repository\org\seleniumhq\selenium\selenium-opera-driver\3.141.59\selenium-opera-driver-3.141.59.jar;C:\Users\Code\eclipse-workspace\InterviewPractical\Users\Code\.m2\repository\org\seleniumhq\selenium\selenium-remote-driver\3.141.59\selenium-remote-driver-3.141.59.jar;C:\Users\Code\eclipse-workspace\InterviewPractical\Users\Code\.m2\repository\org\seleniumhq\selenium\selenium-safari-driver\3.141.59\selenium-safari-driver-3.141.59.jar;C:\Users\Code\eclipse-workspace\InterviewPractical\Users\Code\.m2\repository\org\seleniumhq\selenium\selenium-support\3.141.59\selenium-support-3.141.59.jar;C:\Users\Code\eclipse-workspace\InterviewPractical\Users\Code\.m2\repository\net\bytebuddy\byte-buddy\1.8.15\byte-buddy-1.8.15.jar;C:\Users\Code\eclipse-workspace\InterviewPractical\Users\Code\.m2\repository\org\apache\commons\commons-exec\1.3\commons-exec-1.3.jar;C:\Users\Code\eclipse-workspace\InterviewPractical\Users\Code\.m2\repository\com\google\guava\guava\25.0-jre\guava-25.0-jre.jar;C:\Users\Code\eclipse-workspace\InterviewPractical\Users\Code\.m2\repository\com\google\code\findbugs\jsr305\1.3.9\jsr305-1.3.9.jar;C:\Users\Code\eclipse-workspace\InterviewPractical\Users\Code\.m2\repository\org\checkerframework\checker-compat-qual\2.0.0\checker-compat-qual-2.0.0.jar;C:\Users\Code\eclipse-workspace\InterviewPractical\Users\Code\.m2\repository\com\google\errorprone\error_prone_annotations\2.1.3\error_prone_annotations-2.1.3.jar;C:\Users\Code\eclipse-workspace\InterviewPractical\Users\Code\.m2\repository\com\google\j2objc\j2objc-annotations\1.1\j2objc-annotations-1.1.jar;C:\Users\Code\eclipse-workspace\InterviewPractical\Users\Code\.m2\repository\org\codehaus\mojo\animal-sniffer-annotations\1.14\animal-sniffer-annotations-1.14.jar;C:\Users\Code\eclipse-workspace\InterviewPractical\Users\Code\.m2\repository\com\squareup\okhttp3\okhttp\3.11.0\okhttp-3.11.0.jar;C:\Users\Code\eclipse-workspace\InterviewPractical\Users\Code\.m2\repository\com\squareup\okio\okio\1.14.0\okio-1.14.0.jar;C:\Users\Code\eclipse-workspace\InterviewPractical\Users\Code\.m2\repository\commons-io\commons-io\2.6\commons-io-2.6.jar;C:\Users\Code\eclipse-workspace\InterviewPractical\Users\Code\.m2\repository\log4j\log4j\1.2.17\log4j-1.2.17.jar;"/>
    <property name="java.vm.vendor" value="Oracle Corporation"/>
    <property name="sun.arch.data.model" value="64"/>
    <property name="user.variant" value=""/>
    <property name="java.vendor.url" value="http://java.oracle.com/"/>
    <property name="user.timezone" value="Asia/Calcutta"/>
    <property name="java.vm.specification.version" value="1.8"/>
    <property name="os.name" value="Windows 8.1"/>
    <property name="user.country" value="US"/>
    <property name="sun.java.launcher" value="SUN_STANDARD"/>
    <property name="sun.boot.library.path" value="C:\Program Files\Java\jdk1.8.0_131\jre\bin"/>
    <property name="sun.java.command" value="C:\Users\Code\AppData\Local\Temp\surefire2368244138660566735\surefirebooter4649432275492085993.jar C:\Users\Code\AppData\Local\Temp\surefire2368244138660566735 2021-01-15T23-55-36_125-jvmRun1 surefire1392842089094525299tmp surefire_08667244880900286137tmp"/>
    <property name="surefire.test.class.path" value="C:\Users\Code\eclipse-workspace\InterviewPractical\target\test-classes;C:\Users\Code\eclipse-workspace\InterviewPractical\target\classes;C:\Users\Code\eclipse-workspace\InterviewPractical\Users\Code\.m2\repository\junit\junit\4.13\junit-4.13.jar;C:\Users\Code\eclipse-workspace\InterviewPractical\Users\Code\.m2\repository\org\hamcrest\hamcrest-core\1.3\hamcrest-core-1.3.jar;C:\Users\Code\eclipse-workspace\InterviewPractical\Users\Code\.m2\repository\io\cucumber\cucumber-java\6.7.0\cucumber-java-6.7.0.jar;C:\Users\Code\eclipse-workspace\InterviewPractical\Users\Code\.m2\repository\io\cucumber\cucumber-core\6.7.0\cucumber-core-6.7.0.jar;C:\Users\Code\eclipse-workspace\InterviewPractical\Users\Code\.m2\repository\io\cucumber\cucumber-gherkin\6.7.0\cucumber-gherkin-6.7.0.jar;C:\Users\Code\eclipse-workspace\InterviewPractical\Users\Code\.m2\repository\io\cucumber\cucumber-gherkin-messages\6.7.0\cucumber-gherkin-messages-6.7.0.jar;C:\Users\Code\eclipse-workspace\InterviewPractical\Users\Code\.m2\repository\io\cucumber\messages\13.0.1\messages-13.0.1.jar;C:\Users\Code\eclipse-workspace\InterviewPractical\Users\Code\.m2\repository\io\cucumber\tag-expressions\3.0.0\tag-expressions-3.0.0.jar;C:\Users\Code\eclipse-workspace\InterviewPractical\Users\Code\.m2\repository\io\cucumber\cucumber-expressions\10.3.0\cucumber-expressions-10.3.0.jar;C:\Users\Code\eclipse-workspace\InterviewPractical\Users\Code\.m2\repository\io\cucumber\datatable\3.4.0\datatable-3.4.0.jar;C:\Users\Code\eclipse-workspace\InterviewPractical\Users\Code\.m2\repository\io\cucumber\cucumber-plugin\6.7.0\cucumber-plugin-6.7.0.jar;C:\Users\Code\eclipse-workspace\InterviewPractical\Users\Code\.m2\repository\io\cucumber\docstring\6.7.0\docstring-6.7.0.jar;C:\Users\Code\eclipse-workspace\InterviewPractical\Users\Code\.m2\repository\io\cucumber\html-formatter\9.0.0\html-formatter-9.0.0.jar;C:\Users\Code\eclipse-workspace\InterviewPractical\Users\Code\.m2\repository\io\cucumber\create-meta\2.0.2\create-meta-2.0.2.jar;C:\Users\Code\eclipse-workspace\InterviewPractical\Users\Code\.m2\repository\org\apiguardian\apiguardian-api\1.1.0\apiguardian-api-1.1.0.jar;C:\Users\Code\eclipse-workspace\InterviewPractical\Users\Code\.m2\repository\io\cucumber\cucumber-junit\6.7.0\cucumber-junit-6.7.0.jar;C:\Users\Code\eclipse-workspace\InterviewPractical\Users\Code\.m2\repository\org\seleniumhq\selenium\selenium-java\3.141.59\selenium-java-3.141.59.jar;C:\Users\Code\eclipse-workspace\InterviewPractical\Users\Code\.m2\repository\org\seleniumhq\selenium\selenium-api\3.141.59\selenium-api-3.141.59.jar;C:\Users\Code\eclipse-workspace\InterviewPractical\Users\Code\.m2\repository\org\seleniumhq\selenium\selenium-chrome-driver\3.141.59\selenium-chrome-driver-3.141.59.jar;C:\Users\Code\eclipse-workspace\InterviewPractical\Users\Code\.m2\repository\org\seleniumhq\selenium\selenium-edge-driver\3.141.59\selenium-edge-driver-3.141.59.jar;C:\Users\Code\eclipse-workspace\InterviewPractical\Users\Code\.m2\repository\org\seleniumhq\selenium\selenium-firefox-driver\3.141.59\selenium-firefox-driver-3.141.59.jar;C:\Users\Code\eclipse-workspace\InterviewPractical\Users\Code\.m2\repository\org\seleniumhq\selenium\selenium-ie-driver\3.141.59\selenium-ie-driver-3.141.59.jar;C:\Users\Code\eclipse-workspace\InterviewPractical\Users\Code\.m2\repository\org\seleniumhq\selenium\selenium-opera-driver\3.141.59\selenium-opera-driver-3.141.59.jar;C:\Users\Code\eclipse-workspace\InterviewPractical\Users\Code\.m2\repository\org\seleniumhq\selenium\selenium-remote-driver\3.141.59\selenium-remote-driver-3.141.59.jar;C:\Users\Code\eclipse-workspace\InterviewPractical\Users\Code\.m2\repository\org\seleniumhq\selenium\selenium-safari-driver\3.141.59\selenium-safari-driver-3.141.59.jar;C:\Users\Code\eclipse-workspace\InterviewPractical\Users\Code\.m2\repository\org\seleniumhq\selenium\selenium-support\3.141.59\selenium-support-3.141.59.jar;C:\Users\Code\eclipse-workspace\InterviewPractical\Users\Code\.m2\repository\net\bytebuddy\byte-buddy\1.8.15\byte-buddy-1.8.15.jar;C:\Users\Code\eclipse-workspace\InterviewPractical\Users\Code\.m2\repository\org\apache\commons\commons-exec\1.3\commons-exec-1.3.jar;C:\Users\Code\eclipse-workspace\InterviewPractical\Users\Code\.m2\repository\com\google\guava\guava\25.0-jre\guava-25.0-jre.jar;C:\Users\Code\eclipse-workspace\InterviewPractical\Users\Code\.m2\repository\com\google\code\findbugs\jsr305\1.3.9\jsr305-1.3.9.jar;C:\Users\Code\eclipse-workspace\InterviewPractical\Users\Code\.m2\repository\org\checkerframework\checker-compat-qual\2.0.0\checker-compat-qual-2.0.0.jar;C:\Users\Code\eclipse-workspace\InterviewPractical\Users\Code\.m2\repository\com\google\errorprone\error_prone_annotations\2.1.3\error_prone_annotations-2.1.3.jar;C:\Users\Code\eclipse-workspace\InterviewPractical\Users\Code\.m2\repository\com\google\j2objc\j2objc-annotations\1.1\j2objc-annotations-1.1.jar;C:\Users\Code\eclipse-workspace\InterviewPractical\Users\Code\.m2\repository\org\codehaus\mojo\animal-sniffer-annotations\1.14\animal-sniffer-annotations-1.14.jar;C:\Users\Code\eclipse-workspace\InterviewPractical\Users\Code\.m2\repository\com\squareup\okhttp3\okhttp\3.11.0\okhttp-3.11.0.jar;C:\Users\Code\eclipse-workspace\InterviewPractical\Users\Code\.m2\repository\com\squareup\okio\okio\1.14.0\okio-1.14.0.jar;C:\Users\Code\eclipse-workspace\InterviewPractical\Users\Code\.m2\repository\commons-io\commons-io\2.6\commons-io-2.6.jar;C:\Users\Code\eclipse-workspace\InterviewPractical\Users\Code\.m2\repository\log4j\log4j\1.2.17\log4j-1.2.17.jar;"/>
    <property name="sun.cpu.endian" value="little"/>
    <property name="user.home" value="C:\Users\Code"/>
    <property name="user.language" value="en"/>
    <property name="java.specification.vendor" value="Oracle Corporation"/>
    <property name="java.home" value="C:\Program Files\Java\jdk1.8.0_131\jre"/>
    <property name="basedir" value="C:\Users\Code\eclipse-workspace\InterviewPractical"/>
    <property name="file.separator" value="\"/>
    <property name="line.separator" value="&#10;"/>
    <property name="java.vm.specification.vendor" value="Oracle Corporation"/>
    <property name="java.specification.name" value="Java Platform API Specification"/>
    <property name="java.awt.graphicsenv" value="sun.awt.Win32GraphicsEnvironment"/>
    <property name="surefire.real.class.path" value="C:\Users\Code\AppData\Local\Temp\surefire2368244138660566735\surefirebooter4649432275492085993.jar"/>
    <property name="sun.boot.class.path" value="C:\Program Files\Java\jdk1.8.0_131\jre\lib\resources.jar;C:\Program Files\Java\jdk1.8.0_131\jre\lib\rt.jar;C:\Program Files\Java\jdk1.8.0_131\jre\lib\sunrsasign.jar;C:\Program Files\Java\jdk1.8.0_131\jre\lib\jsse.jar;C:\Program Files\Java\jdk1.8.0_131\jre\lib\jce.jar;C:\Program Files\Java\jdk1.8.0_131\jre\lib\charsets.jar;C:\Program Files\Java\jdk1.8.0_131\jre\lib\jfr.jar;C:\Program Files\Java\jdk1.8.0_131\jre\classes"/>
    <property name="user.script" value=""/>
    <property name="sun.management.compiler" value="HotSpot 64-Bit Tiered Compilers"/>
    <property name="java.runtime.version" value="1.8.0_131-b11"/>
    <property name="user.name" value="Code"/>
    <property name="path.separator" value=";"/>
    <property name="os.version" value="6.3"/>
    <property name="java.endorsed.dirs" value="C:\Program Files\Java\jdk1.8.0_131\jre\lib\endorsed"/>
    <property name="java.runtime.name" value="Java(TM) SE Runtime Environment"/>
    <property name="file.encoding" value="Cp1252"/>
    <property name="java.vm.name" value="Java HotSpot(TM) 64-Bit Server VM"/>
    <property name="localRepository" value="C:\Users\Code\eclipse-workspace\InterviewPractical\Users\Code\.m2\repository"/>
    <property name="java.vendor.url.bug" value="http://bugreport.sun.com/bugreport/"/>
    <property name="java.io.tmpdir" value="C:\Users\Code\AppData\Local\Temp\"/>
    <property name="java.version" value="1.8.0_131"/>
    <property name="user.dir" value="C:\Users\Code\eclipse-workspace\InterviewPractical"/>
    <property name="os.arch" value="amd64"/>
    <property name="java.vm.specification.name" value="Java Virtual Machine Specification"/>
    <property name="java.awt.printerjob" value="sun.awt.windows.WPrinterJob"/>
    <property name="sun.os.patch.level" value=""/>
    <property name="java.library.path" value="C:\Program Files\Java\jdk1.8.0_131\jre\bin;C:\Windows\Sun\Java\bin;C:\Windows\system32;C:\Windows;C:\Python39\Scripts\;C:\Python39\;C:\ProgramData\Oracle\Java\javapath;C:\Windows\system32;C:\Windows;C:\Windows\System32\Wbem;C:\Windows\System32\WindowsPowerShell\v1.0\;c:\Program Files (x86)\ATI Technologies\ATI.ACE\Core-Static;C:\Program Files (x86)\Skype\Phone\;C:\Program Files\Common Files\Autodesk Shared\;C:\Program Files\dotnet\;C:\Program Files (x86)\dotnet\;C:\Program Files\Java\jdk1.8.0_131\bin\;C:\Program Files\apache-maven-3.6.3\bin\;C:\Program Files\nodejs\;C:\ProgramData\chocolatey\bin;C:\Users\Code\AppData\Local\Programs\Python\Python38-32\Scripts\;C:\Users\Code\AppData\Local\Programs\Python\Python27\;C:\Users\Code\AppData\Roaming\npm;."/>
    <property name="java.vm.info" value="mixed mode"/>
    <property name="java.vendor" value="Oracle Corporation"/>
    <property name="java.vm.version" value="25.131-b11"/>
    <property name="java.ext.dirs" value="C:\Program Files\Java\jdk1.8.0_131\jre\lib\ext;C:\Windows\Sun\Java\lib\ext"/>
    <property name="sun.io.unicode.encoding" value="UnicodeLittle"/>
    <property name="java.class.version" value="52.0"/>
  </properties>
  <testcase name="Launch Chrome browser and navigate to Gmail login URL" classname="Successful Gmail login with valid credentials and capture screenshot" time="63.765"/>
  <testcase name="User enters valid email as &quot;kirantest556@gmail.com&quot;" classname="Successful Gmail login with valid credentials and capture screenshot" time="2.601"/>
  <testcase name="User click on Next" classname="Successful Gmail login with valid credentials and capture screenshot" time="6.35"/>
  <testcase name="User enter valid password as &quot;Krutika@123&quot;" classname="Successful Gmail login with valid credentials and capture screenshot" time="3.913"/>
  <testcase name="User click on Next for login" classname="Successful Gmail login with valid credentials and capture screenshot" time="0.94"/>
  <testcase name="login should be successful alongwith it&apos;s verification message and page Title should be &quot;Gmail&quot;" classname="Successful Gmail login with valid credentials and capture screenshot" time="0.072"/>
  <testcase name="User click on Compose and maximize window" classname="Successful Gmail login with valid credentials and capture screenshot" time="76.397"/>
  <testcase name="User enters  recipient email id as &quot;kk1889908@gmail.com&quot; email id and write subject and message body" classname="Successful Gmail login with valid credentials and capture screenshot" time="11.704"/>
  <testcase name="User click on send" classname="Successful Gmail login with valid credentials and capture screenshot" time="0.868"/>
  <testcase name="User click on Sent items for confirmation and capture it&apos;s sccreenshot" classname="Successful Gmail login with valid credentials and capture screenshot" time="16.791"/>
  <testcase name="User click on Sign out" classname="Successful Gmail login with valid credentials and capture screenshot" time="3.063"/>
  <testcase name="close the browser" classname="Successful Gmail login with valid credentials and capture screenshot" time="1.946"/>
  <testcase name="Successful Gmail login with valid credentials and capture screenshot" classname="Successful Gmail login with valid credentials and capture screenshot" time="1.988"/>
  <testcase name="Launch Chrome browser and navigate to Gmail login URL" classname="Gmail login failed with invalid credentials and capture screenshot" time="19.643"/>
  <testcase name="User enters correct email as &quot;kk1889908@gmail.com&quot;" classname="Gmail login failed with invalid credentials and capture screenshot" time="1.648"/>
  <testcase name="User click on Next Button to procced further" classname="Gmail login failed with invalid credentials and capture screenshot" time="1.514"/>
  <testcase name="User enter incorrect password as &quot;Test@123&quot;" classname="Gmail login failed with invalid credentials and capture screenshot" time="7.412"/>
  <testcase name="User click on Next Button" classname="Gmail login failed with invalid credentials and capture screenshot" time="1.108"/>
  <testcase name="login failed alongwith it&apos;s error message and capture screenshot" classname="Gmail login failed with invalid credentials and capture screenshot" time="2.269"/>
  <testcase name="close the browser after user enters invalid password" classname="Gmail login failed with invalid credentials and capture screenshot" time="0.681"/>
  <testcase name="Gmail login failed with invalid credentials and capture screenshot" classname="Gmail login failed with invalid credentials and capture screenshot" time="0.779"/>
</testsuite>